This is XeTeX, Version 3.141592653-2.6-0.999994 (TeX Live 2022) (preloaded format=xelatex 2023.2.26)  26 SEP 2025 14:08
entering extended mode
 restricted \write18 enabled.
 file:line:error style messages enabled.
 %&-line parsing enabled.
**"e:/Google Drive/Github/policy-optimization/src/tikz_diagram/graphical_abstract"
(e:/Google Drive/Github/policy-optimization/src/tikz_diagram/graphical_abstract.tex
LaTeX2e <2022-11-01> patch level 1
L3 programming layer <2023-02-22> (c:/texlive/2022/texmf-dist/tex/latex/base/article.cls
Document Class: article 2022/07/02 v1.4n Standard LaTeX document class
(c:/texlive/2022/texmf-dist/tex/latex/base/size12.clo
File: size12.clo 2022/07/02 v1.4n Standard LaTeX file (size option)
)
\c@part=\count181
\c@section=\count182
\c@subsection=\count183
\c@subsubsection=\count184
\c@paragraph=\count185
\c@subparagraph=\count186
\c@figure=\count187
\c@table=\count188
\abovecaptionskip=\skip48
\belowcaptionskip=\skip49
\bibindent=\dimen140
) (c:/texlive/2022/texmf-dist/tex/latex/geometry/geometry.sty
Package: geometry 2020/01/02 v5.9 Page Geometry
 (c:/texlive/2022/texmf-dist/tex/latex/graphics/keyval.sty
Package: keyval 2022/05/29 v1.15 key=value parser (DPC)
\KV@toks@=\toks16
) (c:/texlive/2022/texmf-dist/tex/generic/iftex/ifvtex.sty
Package: ifvtex 2019/10/25 v1.7 ifvtex legacy package. Use iftex instead.
 (c:/texlive/2022/texmf-dist/tex/generic/iftex/iftex.sty
Package: iftex 2022/02/03 v1.0f TeX engine tests
))
\Gm@cnth=\count189
\Gm@cntv=\count190
\c@Gm@tempcnt=\count191
\Gm@bindingoffset=\dimen141
\Gm@wd@mp=\dimen142
\Gm@odd@mp=\dimen143
\Gm@even@mp=\dimen144
\Gm@layoutwidth=\dimen145
\Gm@layoutheight=\dimen146
\Gm@layouthoffset=\dimen147
\Gm@layoutvoffset=\dimen148
\Gm@dimlist=\toks17
) (c:/texlive/2022/texmf-dist/tex/latex/pgf/frontendlayer/tikz.sty (c:/texlive/2022/texmf-dist/tex/latex/pgf/basiclayer/pgf.sty (c:/texlive/2022/texmf-dist/tex/latex/pgf/utilities/pgfrcs.sty (c:/texlive/2022/texmf-dist/tex/generic/pgf/utilities/pgfutil-common.tex
\pgfutil@everybye=\toks18
\pgfutil@tempdima=\dimen149
\pgfutil@tempdimb=\dimen150
) (c:/texlive/2022/texmf-dist/tex/generic/pgf/utilities/pgfutil-latex.def
\pgfutil@abb=\box51
) (c:/texlive/2022/texmf-dist/tex/generic/pgf/utilities/pgfrcs.code.tex (c:/texlive/2022/texmf-dist/tex/generic/pgf/pgf.revision.tex)
Package: pgfrcs 2023-01-15 v3.1.10 (3.1.10)
))
Package: pgf 2023-01-15 v3.1.10 (3.1.10)
 (c:/texlive/2022/texmf-dist/tex/latex/pgf/basiclayer/pgfcore.sty (c:/texlive/2022/texmf-dist/tex/latex/graphics/graphicx.sty
Package: graphicx 2021/09/16 v1.2d Enhanced LaTeX Graphics (DPC,SPQR)
 (c:/texlive/2022/texmf-dist/tex/latex/graphics/graphics.sty
Package: graphics 2022/03/10 v1.4e Standard LaTeX Graphics (DPC,SPQR)
 (c:/texlive/2022/texmf-dist/tex/latex/graphics/trig.sty
Package: trig 2021/08/11 v1.11 sin cos tan (DPC)
) (c:/texlive/2022/texmf-dist/tex/latex/graphics-cfg/graphics.cfg
File: graphics.cfg 2016/06/04 v1.11 sample graphics configuration
)
Package graphics Info: Driver file: xetex.def on input line 107.
 (c:/texlive/2022/texmf-dist/tex/latex/graphics-def/xetex.def
File: xetex.def 2022/09/22 v5.0n Graphics/color driver for xetex
))
\Gin@req@height=\dimen151
\Gin@req@width=\dimen152
) (c:/texlive/2022/texmf-dist/tex/latex/pgf/systemlayer/pgfsys.sty (c:/texlive/2022/texmf-dist/tex/generic/pgf/systemlayer/pgfsys.code.tex
Package: pgfsys 2023-01-15 v3.1.10 (3.1.10)
 (c:/texlive/2022/texmf-dist/tex/generic/pgf/utilities/pgfkeys.code.tex
\pgfkeys@pathtoks=\toks19
\pgfkeys@temptoks=\toks20
 (c:/texlive/2022/texmf-dist/tex/generic/pgf/utilities/pgfkeyslibraryfiltered.code.tex
\pgfkeys@tmptoks=\toks21
))
\pgf@x=\dimen153
\pgf@y=\dimen154
\pgf@xa=\dimen155
\pgf@ya=\dimen156
\pgf@xb=\dimen157
\pgf@yb=\dimen158
\pgf@xc=\dimen159
\pgf@yc=\dimen160
\pgf@xd=\dimen161
\pgf@yd=\dimen162
\w@pgf@writea=\write3
\r@pgf@reada=\read2
\c@pgf@counta=\count192
\c@pgf@countb=\count193
\c@pgf@countc=\count194
\c@pgf@countd=\count195
\t@pgf@toka=\toks22
\t@pgf@tokb=\toks23
\t@pgf@tokc=\toks24
\pgf@sys@id@count=\count196
 (c:/texlive/2022/texmf-dist/tex/generic/pgf/systemlayer/pgf.cfg
File: pgf.cfg 2023-01-15 v3.1.10 (3.1.10)
)
Driver file for pgf: pgfsys-xetex.def
 (c:/texlive/2022/texmf-dist/tex/generic/pgf/systemlayer/pgfsys-xetex.def
File: pgfsys-xetex.def 2023-01-15 v3.1.10 (3.1.10)
 (c:/texlive/2022/texmf-dist/tex/generic/pgf/systemlayer/pgfsys-dvipdfmx.def
File: pgfsys-dvipdfmx.def 2023-01-15 v3.1.10 (3.1.10)
 (c:/texlive/2022/texmf-dist/tex/generic/pgf/systemlayer/pgfsys-common-pdf.def
File: pgfsys-common-pdf.def 2023-01-15 v3.1.10 (3.1.10)
)
\pgfsys@objnum=\count197
))) (c:/texlive/2022/texmf-dist/tex/generic/pgf/systemlayer/pgfsyssoftpath.code.tex
File: pgfsyssoftpath.code.tex 2023-01-15 v3.1.10 (3.1.10)
\pgfsyssoftpath@smallbuffer@items=\count198
\pgfsyssoftpath@bigbuffer@items=\count199
) (c:/texlive/2022/texmf-dist/tex/generic/pgf/systemlayer/pgfsysprotocol.code.tex
File: pgfsysprotocol.code.tex 2023-01-15 v3.1.10 (3.1.10)
)) (c:/texlive/2022/texmf-dist/tex/latex/xcolor/xcolor.sty
Package: xcolor 2022/06/12 v2.14 LaTeX color extensions (UK)
 (c:/texlive/2022/texmf-dist/tex/latex/graphics-cfg/color.cfg
File: color.cfg 2016/01/02 v1.6 sample color configuration
)
Package xcolor Info: Driver file: xetex.def on input line 227.
 (c:/texlive/2022/texmf-dist/tex/latex/graphics/mathcolor.ltx)
Package xcolor Info: Model `cmy' substituted by `cmy0' on input line 1353.
Package xcolor Info: Model `RGB' extended on input line 1369.
Package xcolor Info: Model `HTML' substituted by `rgb' on input line 1371.
Package xcolor Info: Model `Hsb' substituted by `hsb' on input line 1372.
Package xcolor Info: Model `tHsb' substituted by `hsb' on input line 1373.
Package xcolor Info: Model `HSB' substituted by `hsb' on input line 1374.
Package xcolor Info: Model `Gray' substituted by `gray' on input line 1375.
Package xcolor Info: Model `wave' substituted by `hsb' on input line 1376.
) (c:/texlive/2022/texmf-dist/tex/generic/pgf/basiclayer/pgfcore.code.tex
Package: pgfcore 2023-01-15 v3.1.10 (3.1.10)
 (c:/texlive/2022/texmf-dist/tex/generic/pgf/math/pgfmath.code.tex (c:/texlive/2022/texmf-dist/tex/generic/pgf/math/pgfmathutil.code.tex) (c:/texlive/2022/texmf-dist/tex/generic/pgf/math/pgfmathparser.code.tex
\pgfmath@dimen=\dimen163
\pgfmath@count=\count266
\pgfmath@box=\box52
\pgfmath@toks=\toks25
\pgfmath@stack@operand=\toks26
\pgfmath@stack@operation=\toks27
) (c:/texlive/2022/texmf-dist/tex/generic/pgf/math/pgfmathfunctions.code.tex) (c:/texlive/2022/texmf-dist/tex/generic/pgf/math/pgfmathfunctions.basic.code.tex) (c:/texlive/2022/texmf-dist/tex/generic/pgf/math/pgfmathfunctions.trigonometric.code.tex) (c:/texlive/2022/texmf-dist/tex/generic/pgf/math/pgfmathfunctions.random.code.tex) (c:/texlive/2022/texmf-dist/tex/generic/pgf/math/pgfmathfunctions.comparison.code.tex) (c:/texlive/2022/texmf-dist/tex/generic/pgf/math/pgfmathfunctions.base.code.tex) (c:/texlive/2022/texmf-dist/tex/generic/pgf/math/pgfmathfunctions.round.code.tex) (c:/texlive/2022/texmf-dist/tex/generic/pgf/math/pgfmathfunctions.misc.code.tex) (c:/texlive/2022/texmf-dist/tex/generic/pgf/math/pgfmathfunctions.integerarithmetics.code.tex) (c:/texlive/2022/texmf-dist/tex/generic/pgf/math/pgfmathcalc.code.tex) (c:/texlive/2022/texmf-dist/tex/generic/pgf/math/pgfmathfloat.code.tex
\c@pgfmathroundto@lastzeros=\count267
)) (c:/texlive/2022/texmf-dist/tex/generic/pgf/math/pgfint.code.tex) (c:/texlive/2022/texmf-dist/tex/generic/pgf/basiclayer/pgfcorepoints.code.tex
File: pgfcorepoints.code.tex 2023-01-15 v3.1.10 (3.1.10)
\pgf@picminx=\dimen164
\pgf@picmaxx=\dimen165
\pgf@picminy=\dimen166
\pgf@picmaxy=\dimen167
\pgf@pathminx=\dimen168
\pgf@pathmaxx=\dimen169
\pgf@pathminy=\dimen170
\pgf@pathmaxy=\dimen171
\pgf@xx=\dimen172
\pgf@xy=\dimen173
\pgf@yx=\dimen174
\pgf@yy=\dimen175
\pgf@zx=\dimen176
\pgf@zy=\dimen177
) (c:/texlive/2022/texmf-dist/tex/generic/pgf/basiclayer/pgfcorepathconstruct.code.tex
File: pgfcorepathconstruct.code.tex 2023-01-15 v3.1.10 (3.1.10)
\pgf@path@lastx=\dimen178
\pgf@path@lasty=\dimen179
) (c:/texlive/2022/texmf-dist/tex/generic/pgf/basiclayer/pgfcorepathusage.code.tex
File: pgfcorepathusage.code.tex 2023-01-15 v3.1.10 (3.1.10)
\pgf@shorten@end@additional=\dimen180
\pgf@shorten@start@additional=\dimen181
) (c:/texlive/2022/texmf-dist/tex/generic/pgf/basiclayer/pgfcorescopes.code.tex
File: pgfcorescopes.code.tex 2023-01-15 v3.1.10 (3.1.10)
\pgfpic=\box53
\pgf@hbox=\box54
\pgf@layerbox@main=\box55
\pgf@picture@serial@count=\count268
) (c:/texlive/2022/texmf-dist/tex/generic/pgf/basiclayer/pgfcoregraphicstate.code.tex
File: pgfcoregraphicstate.code.tex 2023-01-15 v3.1.10 (3.1.10)
\pgflinewidth=\dimen182
) (c:/texlive/2022/texmf-dist/tex/generic/pgf/basiclayer/pgfcoretransformations.code.tex
File: pgfcoretransformations.code.tex 2023-01-15 v3.1.10 (3.1.10)
\pgf@pt@x=\dimen183
\pgf@pt@y=\dimen184
\pgf@pt@temp=\dimen185
) (c:/texlive/2022/texmf-dist/tex/generic/pgf/basiclayer/pgfcorequick.code.tex
File: pgfcorequick.code.tex 2023-01-15 v3.1.10 (3.1.10)
) (c:/texlive/2022/texmf-dist/tex/generic/pgf/basiclayer/pgfcoreobjects.code.tex
File: pgfcoreobjects.code.tex 2023-01-15 v3.1.10 (3.1.10)
) (c:/texlive/2022/texmf-dist/tex/generic/pgf/basiclayer/pgfcorepathprocessing.code.tex
File: pgfcorepathprocessing.code.tex 2023-01-15 v3.1.10 (3.1.10)
) (c:/texlive/2022/texmf-dist/tex/generic/pgf/basiclayer/pgfcorearrows.code.tex
File: pgfcorearrows.code.tex 2023-01-15 v3.1.10 (3.1.10)
\pgfarrowsep=\dimen186
) (c:/texlive/2022/texmf-dist/tex/generic/pgf/basiclayer/pgfcoreshade.code.tex
File: pgfcoreshade.code.tex 2023-01-15 v3.1.10 (3.1.10)
\pgf@max=\dimen187
\pgf@sys@shading@range@num=\count269
\pgf@shadingcount=\count270
) (c:/texlive/2022/texmf-dist/tex/generic/pgf/basiclayer/pgfcoreimage.code.tex
File: pgfcoreimage.code.tex 2023-01-15 v3.1.10 (3.1.10)
) (c:/texlive/2022/texmf-dist/tex/generic/pgf/basiclayer/pgfcoreexternal.code.tex
File: pgfcoreexternal.code.tex 2023-01-15 v3.1.10 (3.1.10)
\pgfexternal@startupbox=\box56
) (c:/texlive/2022/texmf-dist/tex/generic/pgf/basiclayer/pgfcorelayers.code.tex
File: pgfcorelayers.code.tex 2023-01-15 v3.1.10 (3.1.10)
) (c:/texlive/2022/texmf-dist/tex/generic/pgf/basiclayer/pgfcoretransparency.code.tex
File: pgfcoretransparency.code.tex 2023-01-15 v3.1.10 (3.1.10)
) (c:/texlive/2022/texmf-dist/tex/generic/pgf/basiclayer/pgfcorepatterns.code.tex
File: pgfcorepatterns.code.tex 2023-01-15 v3.1.10 (3.1.10)
) (c:/texlive/2022/texmf-dist/tex/generic/pgf/basiclayer/pgfcorerdf.code.tex
File: pgfcorerdf.code.tex 2023-01-15 v3.1.10 (3.1.10)
))) (c:/texlive/2022/texmf-dist/tex/generic/pgf/modules/pgfmoduleshapes.code.tex
File: pgfmoduleshapes.code.tex 2023-01-15 v3.1.10 (3.1.10)
\pgfnodeparttextbox=\box57
) (c:/texlive/2022/texmf-dist/tex/generic/pgf/modules/pgfmoduleplot.code.tex
File: pgfmoduleplot.code.tex 2023-01-15 v3.1.10 (3.1.10)
) (c:/texlive/2022/texmf-dist/tex/latex/pgf/compatibility/pgfcomp-version-0-65.sty
Package: pgfcomp-version-0-65 2023-01-15 v3.1.10 (3.1.10)
\pgf@nodesepstart=\dimen188
\pgf@nodesepend=\dimen189
) (c:/texlive/2022/texmf-dist/tex/latex/pgf/compatibility/pgfcomp-version-1-18.sty
Package: pgfcomp-version-1-18 2023-01-15 v3.1.10 (3.1.10)
)) (c:/texlive/2022/texmf-dist/tex/latex/pgf/utilities/pgffor.sty (c:/texlive/2022/texmf-dist/tex/latex/pgf/utilities/pgfkeys.sty (c:/texlive/2022/texmf-dist/tex/generic/pgf/utilities/pgfkeys.code.tex)) (c:/texlive/2022/texmf-dist/tex/latex/pgf/math/pgfmath.sty (c:/texlive/2022/texmf-dist/tex/generic/pgf/math/pgfmath.code.tex)) (c:/texlive/2022/texmf-dist/tex/generic/pgf/utilities/pgffor.code.tex
Package: pgffor 2023-01-15 v3.1.10 (3.1.10)
\pgffor@iter=\dimen190
\pgffor@skip=\dimen191
\pgffor@stack=\toks28
\pgffor@toks=\toks29
)) (c:/texlive/2022/texmf-dist/tex/generic/pgf/frontendlayer/tikz/tikz.code.tex
Package: tikz 2023-01-15 v3.1.10 (3.1.10)
 (c:/texlive/2022/texmf-dist/tex/generic/pgf/libraries/pgflibraryplothandlers.code.tex
File: pgflibraryplothandlers.code.tex 2023-01-15 v3.1.10 (3.1.10)
\pgf@plot@mark@count=\count271
\pgfplotmarksize=\dimen192
)
\tikz@lastx=\dimen193
\tikz@lasty=\dimen194
\tikz@lastxsaved=\dimen195
\tikz@lastysaved=\dimen196
\tikz@lastmovetox=\dimen197
\tikz@lastmovetoy=\dimen198
\tikzleveldistance=\dimen199
\tikzsiblingdistance=\dimen256
\tikz@figbox=\box58
\tikz@figbox@bg=\box59
\tikz@tempbox=\box60
\tikz@tempbox@bg=\box61
\tikztreelevel=\count272
\tikznumberofchildren=\count273
\tikznumberofcurrentchild=\count274
\tikz@fig@count=\count275
 (c:/texlive/2022/texmf-dist/tex/generic/pgf/modules/pgfmodulematrix.code.tex
File: pgfmodulematrix.code.tex 2023-01-15 v3.1.10 (3.1.10)
\pgfmatrixcurrentrow=\count276
\pgfmatrixcurrentcolumn=\count277
\pgf@matrix@numberofcolumns=\count278
)
\tikz@expandcount=\count279
 (c:/texlive/2022/texmf-dist/tex/generic/pgf/frontendlayer/tikz/libraries/tikzlibrarytopaths.code.tex
File: tikzlibrarytopaths.code.tex 2023-01-15 v3.1.10 (3.1.10)
))) (c:/texlive/2022/texmf-dist/tex/generic/pgf/frontendlayer/tikz/libraries/tikzlibraryshapes.geometric.code.tex
File: tikzlibraryshapes.geometric.code.tex 2023-01-15 v3.1.10 (3.1.10)
 (c:/texlive/2022/texmf-dist/tex/generic/pgf/libraries/shapes/pgflibraryshapes.geometric.code.tex
File: pgflibraryshapes.geometric.code.tex 2023-01-15 v3.1.10 (3.1.10)
)) (c:/texlive/2022/texmf-dist/tex/generic/pgf/libraries/pgflibraryarrows.meta.code.tex
File: pgflibraryarrows.meta.code.tex 2023-01-15 v3.1.10 (3.1.10)
\pgfarrowinset=\dimen257
\pgfarrowlength=\dimen258
\pgfarrowwidth=\dimen259
\pgfarrowlinewidth=\dimen260
) (c:/texlive/2022/texmf-dist/tex/generic/pgf/frontendlayer/tikz/libraries/tikzlibrarypositioning.code.tex
File: tikzlibrarypositioning.code.tex 2023-01-15 v3.1.10 (3.1.10)
) (c:/texlive/2022/texmf-dist/tex/generic/pgf/frontendlayer/tikz/libraries/tikzlibrarycalc.code.tex
File: tikzlibrarycalc.code.tex 2023-01-15 v3.1.10 (3.1.10)
) (c:/texlive/2022/texmf-dist/tex/latex/pgf-blur/tikzlibraryshadows.blur.code.tex  v1.02, 2012/12/09 (c:/texlive/2022/texmf-dist/tex/generic/pgf/frontendlayer/tikz/libraries/tikzlibraryshadows.code.tex
File: tikzlibraryshadows.code.tex 2023-01-15 v3.1.10 (3.1.10)
 (c:/texlive/2022/texmf-dist/tex/generic/pgf/frontendlayer/tikz/libraries/tikzlibraryfadings.code.tex
File: tikzlibraryfadings.code.tex 2023-01-15 v3.1.10 (3.1.10)
 (c:/texlive/2022/texmf-dist/tex/generic/pgf/libraries/pgflibraryfadings.code.tex
File: pgflibraryfadings.code.tex 2023-01-15 v3.1.10 (3.1.10)
)))
\pgfbs@fading@count=\count280
) (c:/texlive/2022/texmf-dist/tex/latex/enumitem/enumitem.sty
Package: enumitem 2019/06/20 v3.9 Customized lists
\labelindent=\skip50
\enit@outerparindent=\dimen261
\enit@toks=\toks30
\enit@inbox=\box62
\enit@count@id=\count281
\enitdp@description=\count282
) (c:/texlive/2022/texmf-dist/tex/latex/l3backend/l3backend-xetex.def
File: l3backend-xetex.def 2023-01-16 L3 backend support: XeTeX
\g__graphics_track_int=\count283
\l__pdf_internal_box=\box63
\g__pdf_backend_object_int=\count284
\g__pdf_backend_annotation_int=\count285
\g__pdf_backend_link_int=\count286
)
No file graphical_abstract.aux.
\openout1 = `graphical_abstract.aux'.

LaTeX Font Info:    Checking defaults for OML/cmm/m/it on input line 13.
LaTeX Font Info:    ... okay on input line 13.
LaTeX Font Info:    Checking defaults for OMS/cmsy/m/n on input line 13.
LaTeX Font Info:    ... okay on input line 13.
LaTeX Font Info:    Checking defaults for OT1/cmr/m/n on input line 13.
LaTeX Font Info:    ... okay on input line 13.
LaTeX Font Info:    Checking defaults for T1/cmr/m/n on input line 13.
LaTeX Font Info:    ... okay on input line 13.
LaTeX Font Info:    Checking defaults for TS1/cmr/m/n on input line 13.
LaTeX Font Info:    Trying to load font information for TS1+cmr on input line 13.
(c:/texlive/2022/texmf-dist/tex/latex/base/ts1cmr.fd
File: ts1cmr.fd 2022/07/10 v2.5l Standard LaTeX font definitions
)
LaTeX Font Info:    ... okay on input line 13.
LaTeX Font Info:    Checking defaults for TU/lmr/m/n on input line 13.
LaTeX Font Info:    ... okay on input line 13.
LaTeX Font Info:    Checking defaults for OMX/cmex/m/n on input line 13.
LaTeX Font Info:    ... okay on input line 13.
LaTeX Font Info:    Checking defaults for U/cmr/m/n on input line 13.
LaTeX Font Info:    ... okay on input line 13.

*geometry* driver: auto-detecting
*geometry* detected driver: xetex
*geometry* verbose mode - [ preamble ] result:
* driver: xetex
* paper: a4paper
* layout: <same size as paper>
* layoutoffset:(h,v)=(0.0pt,0.0pt)
* modes: landscape 
* h-part:(L,W,R)=(14.22636pt, 816.59412pt, 14.22636pt)
* v-part:(T,H,B)=(14.22636pt, 569.05515pt, 14.22636pt)
* \paperwidth=845.04684pt
* \paperheight=597.50787pt
* \textwidth=816.59412pt
* \textheight=569.05515pt
* \oddsidemargin=-58.04362pt
* \evensidemargin=-58.04362pt
* \topmargin=-95.04362pt
* \headheight=12.0pt
* \headsep=25.0pt
* \topskip=12.0pt
* \footskip=30.0pt
* \marginparwidth=35.0pt
* \marginparsep=10.0pt
* \columnsep=10.0pt
* \skip\footins=10.8pt plus 4.0pt minus 2.0pt
* \hoffset=0.0pt
* \voffset=0.0pt
* \mag=1000
* \@twocolumnfalse
* \@twosidefalse
* \@mparswitchfalse
* \@reversemarginfalse
* (1in=72.27pt=25.4mm, 1cm=28.453pt)

Runaway argument?
 font=\sffamily , panel/.style={ rectangle, rounded corners=5pt, draw\ETC.
e:/Google Drive/Github/policy-optimization/src/tikz_diagram/graphical_abstract.tex:41: Paragraph ended before \tikz@picture was complete.
<to be read again> 
                   \par 
l.41 
     
I suspect you've forgotten a `}', causing me to apply this
control sequence to too much text. How can we recover?
My plan is to forget the whole thing and hope for the best.

e:/Google Drive/Github/policy-optimization/src/tikz_diagram/graphical_abstract.tex:44: Missing $ inserted.
<inserted text> 
                $
l.44     hopyard_
                 infected/.style={hopyard, fill=red!30},
I've inserted a begin-math/end-math symbol since I think
you left one out. Proceed, with fingers crossed.

LaTeX Font Info:    External font `cmex10' loaded for size
(Font)              <12> on input line 44.
LaTeX Font Info:    External font `cmex10' loaded for size
(Font)              <8> on input line 44.
LaTeX Font Info:    External font `cmex10' loaded for size
(Font)              <6> on input line 44.
e:/Google Drive/Github/policy-optimization/src/tikz_diagram/graphical_abstract.tex:52: Missing $ inserted.
<inserted text> 
                $
l.52 
     
I've inserted a begin-math/end-math symbol since I think
you left one out. Proceed, with fingers crossed.

e:/Google Drive/Github/policy-optimization/src/tikz_diagram/graphical_abstract.tex:54: Missing $ inserted.
<inserted text> 
                $
l.54 \matrix (
              m) [matrix of nodes, column sep=1cm, row sep=1cm]
I've inserted a begin-math/end-math symbol since I think
you left one out. Proceed, with fingers crossed.

e:/Google Drive/Github/policy-optimization/src/tikz_diagram/graphical_abstract.tex:57: Undefined control sequence.
l.57     \node
              [panel] (p1) {
The control sequence at the end of the top line
of your error message was never \def'ed. If you have
misspelled it (e.g., `\hobx'), type `I' and the correct
spelling (e.g., `I\hbox'). Otherwise just continue,
and I'll forget about whatever was undefined.

e:/Google Drive/Github/policy-optimization/src/tikz_diagram/graphical_abstract.tex:58: Undefined control sequence.
l.58         \node
                  [panel_title, yshift=-1cm] at (p1.north) {1. Initial Condi...
The control sequence at the end of the top line
of your error message was never \def'ed. If you have
misspelled it (e.g., `\hobx'), type `I' and the correct
spelling (e.g., `I\hbox'). Otherwise just continue,
and I'll forget about whatever was undefined.

e:/Google Drive/Github/policy-optimization/src/tikz_diagram/graphical_abstract.tex:59: Missing $ inserted.
<inserted text> 
                $
l.59 
     
I've inserted a begin-math/end-math symbol since I think
you left one out. Proceed, with fingers crossed.

e:/Google Drive/Github/policy-optimization/src/tikz_diagram/graphical_abstract.tex:59: Missing } inserted.
<inserted text> 
                }
l.59 
     
I've inserted something that you may have forgotten.
(See the <inserted text> above.)
With luck, this will get me unwedged. But if you
really didn't forget anything, try typing `2' now; then
my insertion and my current dilemma will both disappear.

e:/Google Drive/Github/policy-optimization/src/tikz_diagram/graphical_abstract.tex:59: Missing } inserted.
<inserted text> 
                }
l.59 
     
I've inserted something that you may have forgotten.
(See the <inserted text> above.)
With luck, this will get me unwedged. But if you
really didn't forget anything, try typing `2' now; then
my insertion and my current dilemma will both disappear.

e:/Google Drive/Github/policy-optimization/src/tikz_diagram/graphical_abstract.tex:60: Undefined control sequence.
l.60         \node
                  [subtitle, yshift=-2.2cm] at (p1.north) {Pathogen Profile};
The control sequence at the end of the top line
of your error message was never \def'ed. If you have
misspelled it (e.g., `\hobx'), type `I' and the correct
spelling (e.g., `I\hbox'). Otherwise just continue,
and I'll forget about whatever was undefined.

e:/Google Drive/Github/policy-optimization/src/tikz_diagram/graphical_abstract.tex:61: Undefined control sequence.
l.61         \node
                  [info_box, text width=4.5cm, minimum height=2.5cm] at ($(p...
The control sequence at the end of the top line
of your error message was never \def'ed. If you have
misspelled it (e.g., `\hobx'), type `I' and the correct
spelling (e.g., `I\hbox'). Otherwise just continue,
and I'll forget about whatever was undefined.

e:/Google Drive/Github/policy-optimization/src/tikz_diagram/graphical_abstract.tex:61: Missing $ inserted.
<inserted text> 
                $
l.61         \node[info_
                        box, text width=4.5cm, minimum height=2.5cm] at ($(p...
I've inserted a begin-math/end-math symbol since I think
you left one out. Proceed, with fingers crossed.

e:/Google Drive/Github/policy-optimization/src/tikz_diagram/graphical_abstract.tex:62: Undefined control sequence.
l.62             \node
                      [spore_nonv6] at (pathogen.west) [xshift=1cm] {};
The control sequence at the end of the top line
of your error message was never \def'ed. If you have
misspelled it (e.g., `\hobx'), type `I' and the correct
spelling (e.g., `I\hbox'). Otherwise just continue,
and I'll forget about whatever was undefined.

e:/Google Drive/Github/policy-optimization/src/tikz_diagram/graphical_abstract.tex:63: Undefined control sequence.
l.63             \node
                      [spore_v6] at (pathogen.west) [xshift=1.5cm] {};
The control sequence at the end of the top line
of your error message was never \def'ed. If you have
misspelled it (e.g., `\hobx'), type `I' and the correct
spelling (e.g., `I\hbox'). Otherwise just continue,
and I'll forget about whatever was undefined.

e:/Google Drive/Github/policy-optimization/src/tikz_diagram/graphical_abstract.tex:64: Undefined control sequence.
l.64             \node
                      [align=center, text width=2cm] at (pathogen.east) [xsh...
The control sequence at the end of the top line
of your error message was never \def'ed. If you have
misspelled it (e.g., `\hobx'), type `I' and the correct
spelling (e.g., `I\hbox'). Otherwise just continue,
and I'll forget about whatever was undefined.


e:/Google Drive/Github/policy-optimization/src/tikz_diagram/graphical_abstract.tex:64: LaTeX Error: There's no line here to end.

See the LaTeX manual or LaTeX Companion for explanation.
Type  H <return>  for immediate help.
 ...                                              
                                                  
l.64 ...xshift=-1.5cm] {\bf Dose:} Low vs. High \\
                                                   \bf Diversity: V6-virulent};
Your command was ignored.
Type  I <command> <return>  to replace it with another command,
or  <return>  to continue without it.

e:/Google Drive/Github/policy-optimization/src/tikz_diagram/graphical_abstract.tex:64: Missing $ inserted.
<inserted text> 
                $
l.64 ...xshift=-1.5cm] {\bf Dose:} Low vs. High \\
                                                   \bf Diversity: V6-virulent};
I've inserted a begin-math/end-math symbol since I think
you left one out. Proceed, with fingers crossed.

e:/Google Drive/Github/policy-optimization/src/tikz_diagram/graphical_abstract.tex:64: Missing } inserted.
<inserted text> 
                }
l.64 ...xshift=-1.5cm] {\bf Dose:} Low vs. High \\
                                                   \bf Diversity: V6-virulent};
I've inserted something that you may have forgotten.
(See the <inserted text> above.)
With luck, this will get me unwedged. But if you
really didn't forget anything, try typing `2' now; then
my insertion and my current dilemma will both disappear.


Overfull \hbox (214.71037pt too wide) in paragraph at lines 60--64
 \TU/lmr/m/n/12 3.5cm)$\OT1/cmr/m/n/12 )(\OML/cmm/m/it/12 pathogen\OT1/cmr/m/n/12 )[]$ 
 []

e:/Google Drive/Github/policy-optimization/src/tikz_diagram/graphical_abstract.tex:64: Extra }, or forgotten \endgroup.
l.64 ...ow vs. High \\ \bf Diversity: V6-virulent}
                                                  ;
I've deleted a group-closing symbol because it seems to be
spurious, as in `$x}$'. But perhaps the } is legitimate and
you forgot something else, as in `\hbox{$x}'. In such cases
the way to recover is to insert both the forgotten and the
deleted material, e.g., by typing `I$}'.

e:/Google Drive/Github/policy-optimization/src/tikz_diagram/graphical_abstract.tex:65: Extra }, or forgotten \endgroup.
l.65         }
              ;
I've deleted a group-closing symbol because it seems to be
spurious, as in `$x}$'. But perhaps the } is legitimate and
you forgot something else, as in `\hbox{$x}'. In such cases
the way to recover is to insert both the forgotten and the
deleted material, e.g., by typing `I$}'.

e:/Google Drive/Github/policy-optimization/src/tikz_diagram/graphical_abstract.tex:68: Undefined control sequence.
l.68         \node
                  [subtitle, yshift=-5.5cm] at (p1.north) {Landscape \& Disp...
The control sequence at the end of the top line
of your error message was never \def'ed. If you have
misspelled it (e.g., `\hobx'), type `I' and the correct
spelling (e.g., `I\hbox'). Otherwise just continue,
and I'll forget about whatever was undefined.

e:/Google Drive/Github/policy-optimization/src/tikz_diagram/graphical_abstract.tex:69: Undefined control sequence.
l.69         \node
                  [hopyard, label={[font=\tiny]below:Peripheral}] (h_peri) a...
The control sequence at the end of the top line
of your error message was never \def'ed. If you have
misspelled it (e.g., `\hobx'), type `I' and the correct
spelling (e.g., `I\hbox'). Otherwise just continue,
and I'll forget about whatever was undefined.

e:/Google Drive/Github/policy-optimization/src/tikz_diagram/graphical_abstract.tex:69: Missing $ inserted.
<inserted text> 
                $
l.69 ... label={[font=\tiny]below:Peripheral}] (h_
                                                  peri) at ($(p1.south)+(2, ...
I've inserted a begin-math/end-math symbol since I think
you left one out. Proceed, with fingers crossed.

e:/Google Drive/Github/policy-optimization/src/tikz_diagram/graphical_abstract.tex:70: Undefined control sequence.
l.70         \node
                  [hopyard, minimum size=1cm, label={[font=\tiny]below:Centr...
The control sequence at the end of the top line
of your error message was never \def'ed. If you have
misspelled it (e.g., `\hobx'), type `I' and the correct
spelling (e.g., `I\hbox'). Otherwise just continue,
and I'll forget about whatever was undefined.


LaTeX Font Warning: Command \tiny invalid in math mode on input line 70.

e:/Google Drive/Github/policy-optimization/src/tikz_diagram/graphical_abstract.tex:71: Undefined control sequence.
l.71         \node
                  [hopyard] at ($(p1.south)+(-1.5, 2.8cm)$) {};
The control sequence at the end of the top line
of your error message was never \def'ed. If you have
misspelled it (e.g., `\hobx'), type `I' and the correct
spelling (e.g., `I\hbox'). Otherwise just continue,
and I'll forget about whatever was undefined.

e:/Google Drive/Github/policy-optimization/src/tikz_diagram/graphical_abstract.tex:72: Undefined control sequence.
l.72         \draw
                  [->, dashed, black!60] (h_cen) to[bend left] (h_peri);
The control sequence at the end of the top line
of your error message was never \def'ed. If you have
misspelled it (e.g., `\hobx'), type `I' and the correct
spelling (e.g., `I\hbox'). Otherwise just continue,
and I'll forget about whatever was undefined.

e:/Google Drive/Github/policy-optimization/src/tikz_diagram/graphical_abstract.tex:73: Undefined control sequence.
l.73         \draw
                  [->, dashed, black!60] (h_cen) to[bend right=40] ($(p1.sou...
The control sequence at the end of the top line
of your error message was never \def'ed. If you have
misspelled it (e.g., `\hobx'), type `I' and the correct
spelling (e.g., `I\hbox'). Otherwise just continue,
and I'll forget about whatever was undefined.

e:/Google Drive/Github/policy-optimization/src/tikz_diagram/graphical_abstract.tex:74: Extra }, or forgotten $.
l.74     }
          ;
I've deleted a group-closing symbol because it seems to be
spurious, as in `$x}$'. But perhaps the } is legitimate and
you forgot something else, as in `\hbox{$x}'. In such cases
the way to recover is to insert both the forgotten and the
deleted material, e.g., by typing `I$}'.

e:/Google Drive/Github/policy-optimization/src/tikz_diagram/graphical_abstract.tex:75: Misplaced alignment tab character &.
l.75     &
          
I can't figure out why you would want to use a tab mark
here. If you just want an ampersand, the remedy is
simple: Just type `I\&' now. But if some right brace
up above has ended a previous alignment prematurely,
you're probably due for more error messages, and you
might try typing `S' now just to see what is salvageable.

e:/Google Drive/Github/policy-optimization/src/tikz_diagram/graphical_abstract.tex:77: Undefined control sequence.
l.77     \node
              [panel] (p2) {
The control sequence at the end of the top line
of your error message was never \def'ed. If you have
misspelled it (e.g., `\hobx'), type `I' and the correct
spelling (e.g., `I\hbox'). Otherwise just continue,
and I'll forget about whatever was undefined.

e:/Google Drive/Github/policy-optimization/src/tikz_diagram/graphical_abstract.tex:78: Undefined control sequence.
l.78         \node
                  [panel_title, yshift=-1cm] at (p2.north) {2. Management \&...
The control sequence at the end of the top line
of your error message was never \def'ed. If you have
misspelled it (e.g., `\hobx'), type `I' and the correct
spelling (e.g., `I\hbox'). Otherwise just continue,
and I'll forget about whatever was undefined.

e:/Google Drive/Github/policy-optimization/src/tikz_diagram/graphical_abstract.tex:79: Missing $ inserted.
<inserted text> 
                $
l.79 
     
I've inserted a begin-math/end-math symbol since I think
you left one out. Proceed, with fingers crossed.

e:/Google Drive/Github/policy-optimization/src/tikz_diagram/graphical_abstract.tex:79: Missing } inserted.
<inserted text> 
                }
l.79 
     
I've inserted something that you may have forgotten.
(See the <inserted text> above.)
With luck, this will get me unwedged. But if you
really didn't forget anything, try typing `2' now; then
my insertion and my current dilemma will both disappear.

e:/Google Drive/Github/policy-optimization/src/tikz_diagram/graphical_abstract.tex:80: Undefined control sequence.
l.80         \node
                  [subtitle, yshift=-2cm] at (p2.north) {Grower Decision};
The control sequence at the end of the top line
of your error message was never \def'ed. If you have
misspelled it (e.g., `\hobx'), type `I' and the correct
spelling (e.g., `I\hbox'). Otherwise just continue,
and I'll forget about whatever was undefined.

e:/Google Drive/Github/policy-optimization/src/tikz_diagram/graphical_abstract.tex:82: Undefined control sequence.
l.82         \node
                  [info_box, minimum height=1.5cm, label=below:{\bf 0-10 Ear...
The control sequence at the end of the top line
of your error message was never \def'ed. If you have
misspelled it (e.g., `\hobx'), type `I' and the correct
spelling (e.g., `I\hbox'). Otherwise just continue,
and I'll forget about whatever was undefined.

e:/Google Drive/Github/policy-optimization/src/tikz_diagram/graphical_abstract.tex:82: Missing $ inserted.
<inserted text> 
                $
l.82         \node[info_
                        box, minimum height=1.5cm, label=below:{\bf 0-10 Ear...
I've inserted a begin-math/end-math symbol since I think
you left one out. Proceed, with fingers crossed.


e:/Google Drive/Github/policy-optimization/src/tikz_diagram/graphical_abstract.tex:87: Package tikz Error: You need to load a decoration library.

See the tikz package documentation for explanation.
Type  H <return>  for immediate help.
 ...                                              
                                                  
l.87 ...expanding waves, angle=45}, cyan!80!black]
                                                   (0.2,0.5) -- +(0.5,0.5);
This error message was generated by an \errmessage
command, so I can't give any explicit help.
Pretend that you're Hercule Poirot: Examine all clues,
and deduce the truth by order and method.


e:/Google Drive/Github/policy-optimization/src/tikz_diagram/graphical_abstract.tex:87: Package pgfkeys Error: I do not know the key '/tikz/decoration', to which you passed 'expanding waves, angle=45', and I am going to ignore it. Perhaps you misspelled it.

See the pgfkeys package documentation for explanation.
Type  H <return>  for immediate help.
 ...                                              
                                                  
l.87 ...expanding waves, angle=45}, cyan!80!black]
                                                   (0.2,0.5) -- +(0.5,0.5);
(That was another \errmessage.)

e:/Google Drive/Github/policy-optimization/src/tikz_diagram/graphical_abstract.tex:90: Missing $ inserted.
<inserted text> 
                $
l.90 
     
I've inserted a begin-math/end-math symbol since I think
you left one out. Proceed, with fingers crossed.

e:/Google Drive/Github/policy-optimization/src/tikz_diagram/graphical_abstract.tex:91: Undefined control sequence.
l.91         \node
                  [subtitle, yshift=-5.2cm] at (p2.north) {Simulation Engine};
The control sequence at the end of the top line
of your error message was never \def'ed. If you have
misspelled it (e.g., `\hobx'), type `I' and the correct
spelling (e.g., `I\hbox'). Otherwise just continue,
and I'll forget about whatever was undefined.

e:/Google Drive/Github/policy-optimization/src/tikz_diagram/graphical_abstract.tex:92: Undefined control sequence.
l.92         \node
                  [rectangle, draw=black!80, fill=gray!20, minimum width=5cm...
The control sequence at the end of the top line
of your error message was never \def'ed. If you have
misspelled it (e.g., `\hobx'), type `I' and the correct
spelling (e.g., `I\hbox'). Otherwise just continue,
and I'll forget about whatever was undefined.

e:/Google Drive/Github/policy-optimization/src/tikz_diagram/graphical_abstract.tex:93: Undefined control sequence.
l.93         \node
                  [gear] (g1) at (engine.center) [xshift=-1cm] {\bf Epi};
The control sequence at the end of the top line
of your error message was never \def'ed. If you have
misspelled it (e.g., `\hobx'), type `I' and the correct
spelling (e.g., `I\hbox'). Otherwise just continue,
and I'll forget about whatever was undefined.

e:/Google Drive/Github/policy-optimization/src/tikz_diagram/graphical_abstract.tex:94: Undefined control sequence.
l.94         \node
                  [gear] (g2) at (engine.center) [xshift=1cm] {\bf Econ};
The control sequence at the end of the top line
of your error message was never \def'ed. If you have
misspelled it (e.g., `\hobx'), type `I' and the correct
spelling (e.g., `I\hbox'). Otherwise just continue,
and I'll forget about whatever was undefined.

e:/Google Drive/Github/policy-optimization/src/tikz_diagram/graphical_abstract.tex:95: Undefined control sequence.
l.95         \node
                  [above=0.1cm of engine, font=\bfseries] {Coupled Model};
The control sequence at the end of the top line
of your error message was never \def'ed. If you have
misspelled it (e.g., `\hobx'), type `I' and the correct
spelling (e.g., `I\hbox'). Otherwise just continue,
and I'll forget about whatever was undefined.

e:/Google Drive/Github/policy-optimization/src/tikz_diagram/graphical_abstract.tex:97: Undefined control sequence.
l.97         \node
                  [info_box, minimum width=3cm, fill=orange!10] at ($(engine...
The control sequence at the end of the top line
of your error message was never \def'ed. If you have
misspelled it (e.g., `\hobx'), type `I' and the correct
spelling (e.g., `I\hbox'). Otherwise just continue,
and I'll forget about whatever was undefined.

e:/Google Drive/Github/policy-optimization/src/tikz_diagram/graphical_abstract.tex:97: Missing $ inserted.
<inserted text> 
                $
l.97         \node[info_
                        box, minimum width=3cm, fill=orange!10] at ($(engine...
I've inserted a begin-math/end-math symbol since I think
you left one out. Proceed, with fingers crossed.

e:/Google Drive/Github/policy-optimization/src/tikz_diagram/graphical_abstract.tex:98: Extra }, or forgotten $.
l.98     }
          ;
I've deleted a group-closing symbol because it seems to be
spurious, as in `$x}$'. But perhaps the } is legitimate and
you forgot something else, as in `\hbox{$x}'. In such cases
the way to recover is to insert both the forgotten and the
deleted material, e.g., by typing `I$}'.

e:/Google Drive/Github/policy-optimization/src/tikz_diagram/graphical_abstract.tex:99: Misplaced alignment tab character &.
l.99     &
          
I can't figure out why you would want to use a tab mark
here. If you just want an ampersand, the remedy is
simple: Just type `I\&' now. But if some right brace
up above has ended a previous alignment prematurely,
you're probably due for more error messages, and you
might try typing `S' now just to see what is salvageable.

e:/Google Drive/Github/policy-optimization/src/tikz_diagram/graphical_abstract.tex:101: Undefined control sequence.
l.101     \node
               [panel] (p3) {
The control sequence at the end of the top line
of your error message was never \def'ed. If you have
misspelled it (e.g., `\hobx'), type `I' and the correct
spelling (e.g., `I\hbox'). Otherwise just continue,
and I'll forget about whatever was undefined.

e:/Google Drive/Github/policy-optimization/src/tikz_diagram/graphical_abstract.tex:102: Undefined control sequence.
l.102         \node
                   [panel_title, yshift=-1cm] at (p3.north) {3. Predicted Da...
The control sequence at the end of the top line
of your error message was never \def'ed. If you have
misspelled it (e.g., `\hobx'), type `I' and the correct
spelling (e.g., `I\hbox'). Otherwise just continue,
and I'll forget about whatever was undefined.

e:/Google Drive/Github/policy-optimization/src/tikz_diagram/graphical_abstract.tex:103: Missing $ inserted.
<inserted text> 
                $
l.103 
      
I've inserted a begin-math/end-math symbol since I think
you left one out. Proceed, with fingers crossed.

e:/Google Drive/Github/policy-optimization/src/tikz_diagram/graphical_abstract.tex:103: Missing } inserted.
<inserted text> 
                }
l.103 
      
I've inserted something that you may have forgotten.
(See the <inserted text> above.)
With luck, this will get me unwedged. But if you
really didn't forget anything, try typing `2' now; then
my insertion and my current dilemma will both disappear.

e:/Google Drive/Github/policy-optimization/src/tikz_diagram/graphical_abstract.tex:104: Undefined control sequence.
l.104         \node
                   [subtitle, yshift=-2.2cm] at (p3.north) {Regional Disease...
The control sequence at the end of the top line
of your error message was never \def'ed. If you have
misspelled it (e.g., `\hobx'), type `I' and the correct
spelling (e.g., `I\hbox'). Otherwise just continue,
and I'll forget about whatever was undefined.

e:/Google Drive/Github/policy-optimization/src/tikz_diagram/graphical_abstract.tex:105: Undefined control sequence.
l.105         \node
                   [hopyard_infected] at ($(p3.north)+(0,-3cm)$){};
The control sequence at the end of the top line
of your error message was never \def'ed. If you have
misspelled it (e.g., `\hobx'), type `I' and the correct
spelling (e.g., `I\hbox'). Otherwise just continue,
and I'll forget about whatever was undefined.

e:/Google Drive/Github/policy-optimization/src/tikz_diagram/graphical_abstract.tex:105: Missing $ inserted.
<inserted text> 
                $
l.105         \node[hopyard_
                            infected] at ($(p3.north)+(0,-3cm)$){};
I've inserted a begin-math/end-math symbol since I think
you left one out. Proceed, with fingers crossed.

e:/Google Drive/Github/policy-optimization/src/tikz_diagram/graphical_abstract.tex:106: Undefined control sequence.
l.106         \node
                   [hopyard] at ($(p3.north)+(1,-3.5cm)$){};
The control sequence at the end of the top line
of your error message was never \def'ed. If you have
misspelled it (e.g., `\hobx'), type `I' and the correct
spelling (e.g., `I\hbox'). Otherwise just continue,
and I'll forget about whatever was undefined.

e:/Google Drive/Github/policy-optimization/src/tikz_diagram/graphical_abstract.tex:107: Undefined control sequence.
l.107         \node
                   [hopyard_infected] at ($(p3.north)+(-1,-3.2cm)$){};
The control sequence at the end of the top line
of your error message was never \def'ed. If you have
misspelled it (e.g., `\hobx'), type `I' and the correct
spelling (e.g., `I\hbox'). Otherwise just continue,
and I'll forget about whatever was undefined.

e:/Google Drive/Github/policy-optimization/src/tikz_diagram/graphical_abstract.tex:108: Missing $ inserted.
<inserted text> 
                $
l.108 
      
I've inserted a begin-math/end-math symbol since I think
you left one out. Proceed, with fingers crossed.

e:/Google Drive/Github/policy-optimization/src/tikz_diagram/graphical_abstract.tex:109: Undefined control sequence.
l.109         \node
                   [subtitle, yshift=-5cm] at (p3.north) {Crop Damage Assess...
The control sequence at the end of the top line
of your error message was never \def'ed. If you have
misspelled it (e.g., `\hobx'), type `I' and the correct
spelling (e.g., `I\hbox'). Otherwise just continue,
and I'll forget about whatever was undefined.

e:/Google Drive/Github/policy-optimization/src/tikz_diagram/graphical_abstract.tex:110: Undefined control sequence.
l.110         \node
                    at ($(p3.south) + (-1.5, 2.5cm)$) {
The control sequence at the end of the top line
of your error message was never \def'ed. If you have
misspelled it (e.g., `\hobx'), type `I' and the correct
spelling (e.g., `I\hbox'). Otherwise just continue,
and I'll forget about whatever was undefined.

e:/Google Drive/Github/policy-optimization/src/tikz_diagram/graphical_abstract.tex:111: Undefined control sequence.
l.111             \node
                       [cone_good] {}; \node[cone_good, xshift=0.3cm] {};
The control sequence at the end of the top line
of your error message was never \def'ed. If you have
misspelled it (e.g., `\hobx'), type `I' and the correct
spelling (e.g., `I\hbox'). Otherwise just continue,
and I'll forget about whatever was undefined.

e:/Google Drive/Github/policy-optimization/src/tikz_diagram/graphical_abstract.tex:111: Missing $ inserted.
<inserted text> 
                $
l.111             \node[cone_
                             good] {}; \node[cone_good, xshift=0.3cm] {};
I've inserted a begin-math/end-math symbol since I think
you left one out. Proceed, with fingers crossed.

e:/Google Drive/Github/policy-optimization/src/tikz_diagram/graphical_abstract.tex:111: Undefined control sequence.
l.111             \node[cone_good] {}; \node
                                            [cone_good, xshift=0.3cm] {};
The control sequence at the end of the top line
of your error message was never \def'ed. If you have
misspelled it (e.g., `\hobx'), type `I' and the correct
spelling (e.g., `I\hbox'). Otherwise just continue,
and I'll forget about whatever was undefined.

e:/Google Drive/Github/policy-optimization/src/tikz_diagram/graphical_abstract.tex:112: Undefined control sequence.
l.112             \node
                       [font=\bfseries, below=0.2cm] {Yield Loss};
The control sequence at the end of the top line
of your error message was never \def'ed. If you have
misspelled it (e.g., `\hobx'), type `I' and the correct
spelling (e.g., `I\hbox'). Otherwise just continue,
and I'll forget about whatever was undefined.


e:/Google Drive/Github/policy-optimization/src/tikz_diagram/graphical_abstract.tex:112: LaTeX Error: Command \bfseries invalid in math mode.

See the LaTeX manual or LaTeX Companion for explanation.
Type  H <return>  for immediate help.
 ...                                              
                                                  
l.112             \node[font=\bfseries
                                      , below=0.2cm] {Yield Loss};
Please use the math alphabet \mathbf instead of the \bfseries command. 

e:/Google Drive/Github/policy-optimization/src/tikz_diagram/graphical_abstract.tex:113: Extra }, or forgotten $.
l.113         }
               ;
I've deleted a group-closing symbol because it seems to be
spurious, as in `$x}$'. But perhaps the } is legitimate and
you forgot something else, as in `\hbox{$x}'. In such cases
the way to recover is to insert both the forgotten and the
deleted material, e.g., by typing `I$}'.

e:/Google Drive/Github/policy-optimization/src/tikz_diagram/graphical_abstract.tex:114: Undefined control sequence.
l.114         \node
                    at ($(p3.south) + (1.5, 2.5cm)$) {
The control sequence at the end of the top line
of your error message was never \def'ed. If you have
misspelled it (e.g., `\hobx'), type `I' and the correct
spelling (e.g., `I\hbox'). Otherwise just continue,
and I'll forget about whatever was undefined.

e:/Google Drive/Github/policy-optimization/src/tikz_diagram/graphical_abstract.tex:115: Undefined control sequence.
l.115             \node
                       [cone_bad] {};
The control sequence at the end of the top line
of your error message was never \def'ed. If you have
misspelled it (e.g., `\hobx'), type `I' and the correct
spelling (e.g., `I\hbox'). Otherwise just continue,
and I'll forget about whatever was undefined.

e:/Google Drive/Github/policy-optimization/src/tikz_diagram/graphical_abstract.tex:116: Undefined control sequence.
l.116             \node
                       [font=\bfseries, below=0.2cm] {Quality Loss};
The control sequence at the end of the top line
of your error message was never \def'ed. If you have
misspelled it (e.g., `\hobx'), type `I' and the correct
spelling (e.g., `I\hbox'). Otherwise just continue,
and I'll forget about whatever was undefined.


e:/Google Drive/Github/policy-optimization/src/tikz_diagram/graphical_abstract.tex:116: LaTeX Error: Command \bfseries invalid in math mode.

See the LaTeX manual or LaTeX Companion for explanation.
Type  H <return>  for immediate help.
 ...                                              
                                                  
l.116             \node[font=\bfseries
                                      , below=0.2cm] {Quality Loss};
Please use the math alphabet \mathbf instead of the \bfseries command. 

e:/Google Drive/Github/policy-optimization/src/tikz_diagram/graphical_abstract.tex:118: Undefined control sequence.
l.118         \node
                   [text width=4cm, align=center] at ($(p3.south)+(0,1cm)$) ...
The control sequence at the end of the top line
of your error message was never \def'ed. If you have
misspelled it (e.g., `\hobx'), type `I' and the correct
spelling (e.g., `I\hbox'). Otherwise just continue,
and I'll forget about whatever was undefined.


LaTeX Font Warning: Command \small invalid in math mode on input line 118.

e:/Google Drive/Github/policy-optimization/src/tikz_diagram/graphical_abstract.tex:119: Extra }, or forgotten $.
l.119     }
           ;
I've deleted a group-closing symbol because it seems to be
spurious, as in `$x}$'. But perhaps the } is legitimate and
you forgot something else, as in `\hbox{$x}'. In such cases
the way to recover is to insert both the forgotten and the
deleted material, e.g., by typing `I$}'.

e:/Google Drive/Github/policy-optimization/src/tikz_diagram/graphical_abstract.tex:120: Misplaced alignment tab character &.
l.120     &
           
I can't figure out why you would want to use a tab mark
here. If you just want an ampersand, the remedy is
simple: Just type `I\&' now. But if some right brace
up above has ended a previous alignment prematurely,
you're probably due for more error messages, and you
might try typing `S' now just to see what is salvageable.

e:/Google Drive/Github/policy-optimization/src/tikz_diagram/graphical_abstract.tex:122: Undefined control sequence.
l.122     \node
               [panel] (p4) {
The control sequence at the end of the top line
of your error message was never \def'ed. If you have
misspelled it (e.g., `\hobx'), type `I' and the correct
spelling (e.g., `I\hbox'). Otherwise just continue,
and I'll forget about whatever was undefined.

e:/Google Drive/Github/policy-optimization/src/tikz_diagram/graphical_abstract.tex:123: Undefined control sequence.
l.123         \node
                   [panel_title, yshift=-1cm] at (p4.north) {4. Optimal Stra...
The control sequence at the end of the top line
of your error message was never \def'ed. If you have
misspelled it (e.g., `\hobx'), type `I' and the correct
spelling (e.g., `I\hbox'). Otherwise just continue,
and I'll forget about whatever was undefined.

e:/Google Drive/Github/policy-optimization/src/tikz_diagram/graphical_abstract.tex:124: Missing $ inserted.
<inserted text> 
                $
l.124 
      
I've inserted a begin-math/end-math symbol since I think
you left one out. Proceed, with fingers crossed.

e:/Google Drive/Github/policy-optimization/src/tikz_diagram/graphical_abstract.tex:124: Missing } inserted.
<inserted text> 
                }
l.124 
      
I've inserted something that you may have forgotten.
(See the <inserted text> above.)
With luck, this will get me unwedged. But if you
really didn't forget anything, try typing `2' now; then
my insertion and my current dilemma will both disappear.


Overfull \hbox (40.4688pt too wide) in paragraph at lines 109--124
 \OML/cmm/m/it/12 center\OT1/cmr/m/n/12 ]\OML/cmm/m/it/12 at\OT1/cmr/m/n/12 ($\TU/lmr/bx/n/12 (p3.south)+(0,1cm)$\OT1/cmr/m/n/12 )[]; ; [\OML/cmm/m/it/12 panel\OT1/cmr/m/n/12 ](\OML/cmm/m/it/12 p\OT1/cmr/m/n/12 4)[]$ 
 []


e:/Google Drive/Github/policy-optimization/src/tikz_diagram/graphical_abstract.tex:126: LaTeX Error: Environment scope undefined.

See the LaTeX manual or LaTeX Companion for explanation.
Type  H <return>  for immediate help.
 ...                                              
                                                  
l.126         \begin{scope}
                           [shift={($(p4.center)+(0,-0.5cm)$)}]
Your command was ignored.
Type  I <command> <return>  to replace it with another command,
or  <return>  to continue without it.

e:/Google Drive/Github/policy-optimization/src/tikz_diagram/graphical_abstract.tex:127: Undefined control sequence.
l.127             \draw
                       [->, thick] (-2.5, -2) -- (2.5, -2) node[below, midwa...
The control sequence at the end of the top line
of your error message was never \def'ed. If you have
misspelled it (e.g., `\hobx'), type `I' and the correct
spelling (e.g., `I\hbox'). Otherwise just continue,
and I'll forget about whatever was undefined.

e:/Google Drive/Github/policy-optimization/src/tikz_diagram/graphical_abstract.tex:128: Undefined control sequence.
l.128             \draw
                       [->, thick] (-2.5, -2) -- (-2.5, 2.5) node[above, rot...
The control sequence at the end of the top line
of your error message was never \def'ed. If you have
misspelled it (e.g., `\hobx'), type `I' and the correct
spelling (e.g., `I\hbox'). Otherwise just continue,
and I'll forget about whatever was undefined.

e:/Google Drive/Github/policy-optimization/src/tikz_diagram/graphical_abstract.tex:129: Undefined control sequence.
l.129             \draw
                       [line width=2pt, green!50!black] (-2.3, 1.8) -- (2.3,...
The control sequence at the end of the top line
of your error message was never \def'ed. If you have
misspelled it (e.g., `\hobx'), type `I' and the correct
spelling (e.g., `I\hbox'). Otherwise just continue,
and I'll forget about whatever was undefined.

e:/Google Drive/Github/policy-optimization/src/tikz_diagram/graphical_abstract.tex:130: Undefined control sequence.
l.130             \draw
                       [line width=2pt, red!70!black, rounded corners] (-2.3...
The control sequence at the end of the top line
of your error message was never \def'ed. If you have
misspelled it (e.g., `\hobx'), type `I' and the correct
spelling (e.g., `I\hbox'). Otherwise just continue,
and I'll forget about whatever was undefined.

e:/Google Drive/Github/policy-optimization/src/tikz_diagram/graphical_abstract.tex:132: Undefined control sequence.
l.132             \node
                       [circle, draw=blue!80, thick, dashed] at (-0.2, 1.6) ...
The control sequence at the end of the top line
of your error message was never \def'ed. If you have
misspelled it (e.g., `\hobx'), type `I' and the correct
spelling (e.g., `I\hbox'). Otherwise just continue,
and I'll forget about whatever was undefined.

e:/Google Drive/Github/policy-optimization/src/tikz_diagram/graphical_abstract.tex:133: Undefined control sequence.
l.133             \node
                       [font=\bfseries, text=blue!80, fill=gray!5, inner sep...
The control sequence at the end of the top line
of your error message was never \def'ed. If you have
misspelled it (e.g., `\hobx'), type `I' and the correct
spelling (e.g., `I\hbox'). Otherwise just continue,
and I'll forget about whatever was undefined.

e:/Google Drive/Github/policy-optimization/src/tikz_diagram/graphical_abstract.tex:134: Undefined control sequence.
l.134             \node
                       [coin, minimum height=0.2cm] at (-2.3, -1.2) {};
The control sequence at the end of the top line
of your error message was never \def'ed. If you have
misspelled it (e.g., `\hobx'), type `I' and the correct
spelling (e.g., `I\hbox'). Otherwise just continue,
and I'll forget about whatever was undefined.

e:/Google Drive/Github/policy-optimization/src/tikz_diagram/graphical_abstract.tex:135: Undefined control sequence.
l.135             \node
                       [coin, minimum height=1.2cm] at (-0.2, 2.0) {};
The control sequence at the end of the top line
of your error message was never \def'ed. If you have
misspelled it (e.g., `\hobx'), type `I' and the correct
spelling (e.g., `I\hbox'). Otherwise just continue,
and I'll forget about whatever was undefined.


e:/Google Drive/Github/policy-optimization/src/tikz_diagram/graphical_abstract.tex:136: LaTeX Error: \begin{tikzpicture} on input line 18 ended by \end{scope}.

See the LaTeX manual or LaTeX Companion for explanation.
Type  H <return>  for immediate help.
 ...                                              
                                                  
l.136         \end{scope}
                         
Your command was ignored.
Type  I <command> <return>  to replace it with another command,
or  <return>  to continue without it.

e:/Google Drive/Github/policy-optimization/src/tikz_diagram/graphical_abstract.tex:138: Extra }, or forgotten \endgroup.
l.138 }
       ;
I've deleted a group-closing symbol because it seems to be
spurious, as in `$x}$'. But perhaps the } is legitimate and
you forgot something else, as in `\hbox{$x}'. In such cases
the way to recover is to insert both the forgotten and the
deleted material, e.g., by typing `I$}'.

e:/Google Drive/Github/policy-optimization/src/tikz_diagram/graphical_abstract.tex:141: Undefined control sequence.
l.141 \draw
           [main_arrow] (p1.east) -- (p2.west);
The control sequence at the end of the top line
of your error message was never \def'ed. If you have
misspelled it (e.g., `\hobx'), type `I' and the correct
spelling (e.g., `I\hbox'). Otherwise just continue,
and I'll forget about whatever was undefined.

e:/Google Drive/Github/policy-optimization/src/tikz_diagram/graphical_abstract.tex:141: Missing $ inserted.
<inserted text> 
                $
l.141 \draw[main_
                 arrow] (p1.east) -- (p2.west);
I've inserted a begin-math/end-math symbol since I think
you left one out. Proceed, with fingers crossed.

e:/Google Drive/Github/policy-optimization/src/tikz_diagram/graphical_abstract.tex:142: Undefined control sequence.
l.142 \draw
           [main_arrow] (p2.east) -- (p3.west);
The control sequence at the end of the top line
of your error message was never \def'ed. If you have
misspelled it (e.g., `\hobx'), type `I' and the correct
spelling (e.g., `I\hbox'). Otherwise just continue,
and I'll forget about whatever was undefined.

e:/Google Drive/Github/policy-optimization/src/tikz_diagram/graphical_abstract.tex:143: Undefined control sequence.
l.143 \draw
           [main_arrow] (p3.east) -- (p4.west);
The control sequence at the end of the top line
of your error message was never \def'ed. If you have
misspelled it (e.g., `\hobx'), type `I' and the correct
spelling (e.g., `I\hbox'). Otherwise just continue,
and I'll forget about whatever was undefined.

e:/Google Drive/Github/policy-optimization/src/tikz_diagram/graphical_abstract.tex:144: Missing $ inserted.
<inserted text> 
                $
l.144 
      
I've inserted a begin-math/end-math symbol since I think
you left one out. Proceed, with fingers crossed.

e:/Google Drive/Github/policy-optimization/src/tikz_diagram/graphical_abstract.tex:146: Undefined control sequence.
l.146 \node
           [below=1.5cm of m, text width=20cm, align=center] (stakeholder_ti...
The control sequence at the end of the top line
of your error message was never \def'ed. If you have
misspelled it (e.g., `\hobx'), type `I' and the correct
spelling (e.g., `I\hbox'). Otherwise just continue,
and I'll forget about whatever was undefined.

e:/Google Drive/Github/policy-optimization/src/tikz_diagram/graphical_abstract.tex:146: Missing $ inserted.
<inserted text> 
                $
l.146 ...t width=20cm, align=center] (stakeholder_
                                                  title) {
I've inserted a begin-math/end-math symbol since I think
you left one out. Proceed, with fingers crossed.

e:/Google Drive/Github/policy-optimization/src/tikz_diagram/graphical_abstract.tex:147: Undefined control sequence.
l.147     \node
               [panel_title, text=purple!80!black] {Model Insights \& Stakeh...
The control sequence at the end of the top line
of your error message was never \def'ed. If you have
misspelled it (e.g., `\hobx'), type `I' and the correct
spelling (e.g., `I\hbox'). Otherwise just continue,
and I'll forget about whatever was undefined.

e:/Google Drive/Github/policy-optimization/src/tikz_diagram/graphical_abstract.tex:149: Missing $ inserted.
<inserted text> 
                $
l.149 
      
I've inserted a begin-math/end-math symbol since I think
you left one out. Proceed, with fingers crossed.

e:/Google Drive/Github/policy-optimization/src/tikz_diagram/graphical_abstract.tex:151: Undefined control sequence.
l.151 \node
           [stakeholder_box, below left=0.5cm and 2cm of stakeholder_title] ...
The control sequence at the end of the top line
of your error message was never \def'ed. If you have
misspelled it (e.g., `\hobx'), type `I' and the correct
spelling (e.g., `I\hbox'). Otherwise just continue,
and I'll forget about whatever was undefined.

e:/Google Drive/Github/policy-optimization/src/tikz_diagram/graphical_abstract.tex:151: Missing $ inserted.
<inserted text> 
                $
l.151 \node[stakeholder_
                        box, below left=0.5cm and 2cm of stakeholder_title] ...
I've inserted a begin-math/end-math symbol since I think
you left one out. Proceed, with fingers crossed.


Underfull \hbox (badness 10000) in paragraph at lines 155--156
[]\TU/lmr/bx/n/17.28 Decision Support:
 []


Underfull \hbox (badness 10000) in paragraph at lines 155--156
\TU/lmr/bx/n/17.28 Identifies optimal
 []


Underfull \hbox (badness 10000) in paragraph at lines 155--156
\TU/lmr/bx/n/17.28 sprays based on
 []


Underfull \hbox (badness 1062) in paragraph at lines 156--157
[]\TU/lmr/bx/n/17.28 Risk Management:
 []


Underfull \hbox (badness 10000) in paragraph at lines 156--157
\TU/lmr/bx/n/17.28 Quantifies losses
 []


Underfull \hbox (badness 10000) in paragraph at lines 156--157
\TU/lmr/bx/n/17.28 from under/over-
 []


Underfull \hbox (badness 10000) in paragraph at lines 157--158
[]\TU/lmr/bx/n/17.28 Strategic Aware-
 []


Underfull \hbox (badness 10000) in paragraph at lines 157--158
\TU/lmr/bx/n/17.28 ness: Highlights
 []


Underfull \hbox (badness 2368) in paragraph at lines 157--158
\TU/lmr/bx/n/17.28 importance of re-
 []

e:/Google Drive/Github/policy-optimization/src/tikz_diagram/graphical_abstract.tex:161: Missing $ inserted.
<inserted text> 
                $
l.161 
      
I've inserted a begin-math/end-math symbol since I think
you left one out. Proceed, with fingers crossed.

e:/Google Drive/Github/policy-optimization/src/tikz_diagram/graphical_abstract.tex:162: Undefined control sequence.
l.162 \node
           [stakeholder_box, below right=0.5cm and 2cm of stakeholder_title]...
The control sequence at the end of the top line
of your error message was never \def'ed. If you have
misspelled it (e.g., `\hobx'), type `I' and the correct
spelling (e.g., `I\hbox'). Otherwise just continue,
and I'll forget about whatever was undefined.

e:/Google Drive/Github/policy-optimization/src/tikz_diagram/graphical_abstract.tex:162: Missing $ inserted.
<inserted text> 
                $
l.162 \node[stakeholder_
                        box, below right=0.5cm and 2cm of stakeholder_title]...
I've inserted a begin-math/end-math symbol since I think
you left one out. Proceed, with fingers crossed.


Underfull \hbox (badness 1067) in paragraph at lines 166--167
[]\TU/lmr/bx/n/17.28 Targeted Interven-
 []


Underfull \hbox (badness 10000) in paragraph at lines 166--167
\TU/lmr/bx/n/17.28 tion: Pinpoints
 []


Underfull \hbox (badness 5954) in paragraph at lines 166--167
\TU/lmr/bx/n/17.28 high-centrality re-
 []


Underfull \hbox (badness 1838) in paragraph at lines 167--168
\TU/lmr/bx/n/17.28 Provides economic
 []


Underfull \hbox (badness 10000) in paragraph at lines 168--169
[]\TU/lmr/bx/n/17.28 System Under-
 []


Underfull \hbox (badness 10000) in paragraph at lines 168--169
\TU/lmr/bx/n/17.28 environmental
 []

e:/Google Drive/Github/policy-optimization/src/tikz_diagram/graphical_abstract.tex:172: Missing $ inserted.
<inserted text> 
                $
l.172 
      
I've inserted a begin-math/end-math symbol since I think
you left one out. Proceed, with fingers crossed.

e:/Google Drive/Github/policy-optimization/src/tikz_diagram/graphical_abstract.tex:174: Undefined control sequence.
l.174 \draw
           [main_arrow, purple!60, line width=1.5pt, rounded corners]
The control sequence at the end of the top line
of your error message was never \def'ed. If you have
misspelled it (e.g., `\hobx'), type `I' and the correct
spelling (e.g., `I\hbox'). Otherwise just continue,
and I'll forget about whatever was undefined.

e:/Google Drive/Github/policy-optimization/src/tikz_diagram/graphical_abstract.tex:174: Missing $ inserted.
<inserted text> 
                $
l.174 \draw[main_
                 arrow, purple!60, line width=1.5pt, rounded corners]
I've inserted a begin-math/end-math symbol since I think
you left one out. Proceed, with fingers crossed.

e:/Google Drive/Github/policy-optimization/src/tikz_diagram/graphical_abstract.tex:176: Undefined control sequence.
l.176 \draw
           [main_arrow, purple!60, line width=1.5pt, rounded corners]
The control sequence at the end of the top line
of your error message was never \def'ed. If you have
misspelled it (e.g., `\hobx'), type `I' and the correct
spelling (e.g., `I\hbox'). Otherwise just continue,
and I'll forget about whatever was undefined.

e:/Google Drive/Github/policy-optimization/src/tikz_diagram/graphical_abstract.tex:178: Missing $ inserted.
<inserted text> 
                $
l.178 
      
I've inserted a begin-math/end-math symbol since I think
you left one out. Proceed, with fingers crossed.

e:/Google Drive/Github/policy-optimization/src/tikz_diagram/graphical_abstract.tex:179: Undefined control sequence.
\endtikzpicture ...r@layerlist@globally \endscope 
                                                  \let \pgf@baseline =\pgf@s...
l.179 \end{tikzpicture}
                       
The control sequence at the end of the top line
of your error message was never \def'ed. If you have
misspelled it (e.g., `\hobx'), type `I' and the correct
spelling (e.g., `I\hbox'). Otherwise just continue,
and I'll forget about whatever was undefined.

e:/Google Drive/Github/policy-optimization/src/tikz_diagram/graphical_abstract.tex:179: Extra }, or forgotten \endgroup.
\endpgfpicture ...globally \endgroup \hss \egroup 
                                                  \pgf@restore@layerlist@fro...
l.179 \end{tikzpicture}
                       
I've deleted a group-closing symbol because it seems to be
spurious, as in `$x}$'. But perhaps the } is legitimate and
you forgot something else, as in `\hbox{$x}'. In such cases
the way to recover is to insert both the forgotten and the
deleted material, e.g., by typing `I$}'.

e:/Google Drive/Github/policy-optimization/src/tikz_diagram/graphical_abstract.tex:179: Missing } inserted.
<inserted text> 
                }
l.179 \end{tikzpicture}
                       
I've inserted something that you may have forgotten.
(See the <inserted text> above.)
With luck, this will get me unwedged. But if you
really didn't forget anything, try typing `2' now; then
my insertion and my current dilemma will both disappear.

e:/Google Drive/Github/policy-optimization/src/tikz_diagram/graphical_abstract.tex:179: Infinite glue shrinkage found in a paragraph.
<inserted text> }
                 
l.179 \end{tikzpicture}
                       
The paragraph just ended includes some glue that has
infinite shrinkability, e.g., `\hskip 0pt minus 1fil'.
Such glue doesn't belong there---it allows a paragraph
of any length to fit on one line. But it's safe to proceed,
since the offensive shrinkability has been made finite.

e:/Google Drive/Github/policy-optimization/src/tikz_diagram/graphical_abstract.tex:179: Missing } inserted.
<inserted text> 
                }
l.179 \end{tikzpicture}
                       
I've inserted something that you may have forgotten.
(See the <inserted text> above.)
With luck, this will get me unwedged. But if you
really didn't forget anything, try typing `2' now; then
my insertion and my current dilemma will both disappear.

e:/Google Drive/Github/policy-optimization/src/tikz_diagram/graphical_abstract.tex:179: Too many }'s.
\endpgfpicture ...dpicture \endgroup \hss \egroup 
                                                  \pgfsys@typesetpicturebox ...
l.179 \end{tikzpicture}
                       
You've closed more groups than you opened.
Such booboos are generally harmless, so keep going.

e:/Google Drive/Github/policy-optimization/src/tikz_diagram/graphical_abstract.tex:179: Extra \endgroup.
\endpgfpicture ...setpicturebox \pgfpic \endgroup 
                                                  
l.179 \end{tikzpicture}
                       
Things are pretty mixed up, but I think the worst is over.

e:/Google Drive/Github/policy-optimization/src/tikz_diagram/graphical_abstract.tex:179: Extra \endgroup.
\endtikzpicture ...lobal \endpgfpicture \endgroup 
                                                  
l.179 \end{tikzpicture}
                       
Things are pretty mixed up, but I think the worst is over.


e:/Google Drive/Github/policy-optimization/src/tikz_diagram/graphical_abstract.tex:179: LaTeX Error: \begin{document} ended by \end{tikzpicture}.

See the LaTeX manual or LaTeX Companion for explanation.
Type  H <return>  for immediate help.
 ...                                              
                                                  
l.179 \end{tikzpicture}
                       
Your command was ignored.
Type  I <command> <return>  to replace it with another command,
or  <return>  to continue without it.

e:/Google Drive/Github/policy-optimization/src/tikz_diagram/graphical_abstract.tex:179: Extra \endgroup.
<recently read> \endgroup 
                          
l.179 \end{tikzpicture}
                       
Things are pretty mixed up, but I think the worst is over.


e:/Google Drive/Github/policy-optimization/src/tikz_diagram/graphical_abstract.tex:180: LaTeX Error: \caption outside float.

See the LaTeX manual or LaTeX Companion for explanation.
Type  H <return>  for immediate help.
 ...                                              
                                                  
l.180 \caption
              *{A conceptual framework for optimizing disease control.
You're in trouble here.  Try typing  <return>  to proceed.
If that doesn't work, type  X <return>  to quit.

e:/Google Drive/Github/policy-optimization/src/tikz_diagram/graphical_abstract.tex:185: Infinite glue shrinkage found in a paragraph.
<argument> ...hskip:D \c_zero_dim \fi: \tex_par:D 
                                                  \hook_use:n {para/after}\@...
l.185 \end{figure}
                  
The paragraph just ended includes some glue that has
infinite shrinkability, e.g., `\hskip 0pt minus 1fil'.
Such glue doesn't belong there---it allows a paragraph
of any length to fit on one line. But it's safe to proceed,
since the offensive shrinkability has been made finite.

e:/Google Drive/Github/policy-optimization/src/tikz_diagram/graphical_abstract.tex:185: Too many }'s.
\@endfloatbox ...pagefalse \outer@nobreak \egroup 
                                                  \color@endbox 
l.185 \end{figure}
                  
You've closed more groups than you opened.
Such booboos are generally harmless, so keep going.

e:/Google Drive/Github/policy-optimization/src/tikz_diagram/graphical_abstract.tex:185: Extra \endgroup.
\color@endgroup ->\endgraf \endgroup 
                                     
l.185 \end{figure}
                  
Things are pretty mixed up, but I think the worst is over.

e:/Google Drive/Github/policy-optimization/src/tikz_diagram/graphical_abstract.tex:185: Too many }'s.
\color@endbox ->\color@endgroup \egroup 
                                        
l.185 \end{figure}
                  
You've closed more groups than you opened.
Such booboos are generally harmless, so keep going.


e:/Google Drive/Github/policy-optimization/src/tikz_diagram/graphical_abstract.tex:185: LaTeX Error: \begin{document} ended by \end{figure}.

See the LaTeX manual or LaTeX Companion for explanation.
Type  H <return>  for immediate help.
 ...                                              
                                                  
l.185 \end{figure}
                  
Your command was ignored.
Type  I <command> <return>  to replace it with another command,
or  <return>  to continue without it.

e:/Google Drive/Github/policy-optimization/src/tikz_diagram/graphical_abstract.tex:185: Extra \endgroup.
<recently read> \endgroup 
                          
l.185 \end{figure}
                  
Things are pretty mixed up, but I think the worst is over.

[1

] (./graphical_abstract.aux) ) 
Here is how much of TeX's memory you used:
 13463 strings out of 476684
 286956 string characters out of 5807583
 1857012 words of memory out of 5000000
 33489 multiletter control sequences out of 15000+600000
 515999 words of font info for 50 fonts, out of 8000000 for 9000
 1348 hyphenation exceptions out of 8191
 100i,12n,104p,482b,659s stack positions out of 10000i,1000n,20000p,200000b,200000s

Output written on graphical_abstract.pdf (1 page).
